Folder: results/trial-30 trial: 30
Carpeta padre creada o ya existe: results
Subcarpeta creada exitosamente: results/trial-30
starting
---- Running ----
---- Loading Config ----
---- Loaded Config ----
---- Running NEAT ----
-------- Generation: 0 --------
Saving generation 50
Saving in results/trial-30/generations.txt
-------- Generation: 1 --------
Saving generation 50
Saving in results/trial-30/generations.txt
-------- Generation: 2 --------
Saving generation 50
Saving in results/trial-30/generations.txt
-------- Generation: 3 --------
Saving generation 50
Saving in results/trial-30/generations.txt
-------- Generation: 4 --------
Saving generation 50
Saving in results/trial-30/generations.txt
-------- Generation: 5 --------
Saving generation 50
Saving in results/trial-30/generations.txt
-------- Generation: 6 --------
Saving generation 50
Saving in results/trial-30/generations.txt
-------- Generation: 7 --------
Saving generation 50
Saving in results/trial-30/generations.txt
-------- Generation: 8 --------
Saving generation 50
Saving in results/trial-30/generations.txt
-------- Generation: 9 --------
Saving generation 50
Saving in results/trial-30/generations.txt
-------- Generation: 10 --------
Saving generation 50
Saving in results/trial-30/generations.txt
-------- Generation: 11 --------
Saving generation 50
Saving in results/trial-30/generations.txt
-------- Generation: 12 --------
Saving generation 50
Saving in results/trial-30/generations.txt
-------- Generation: 13 --------
Saving generation 50
Saving in results/trial-30/generations.txt
-------- Generation: 14 --------
Saving generation 50
Saving in results/trial-30/generations.txt
-------- Generation: 15 --------
Saving generation 50
Saving in results/trial-30/generations.txt
-------- Generation: 16 --------
Saving generation 50
Saving in results/trial-30/generations.txt
-------- Generation: 17 --------
Saving generation 50
Saving in results/trial-30/generations.txt
-------- Generation: 18 --------
Saving generation 50
Saving in results/trial-30/generations.txt
-------- Generation: 19 --------
Saving generation 50
Saving in results/trial-30/generations.txt
-------- Generation: 20 --------
Saving generation 50
Saving in results/trial-30/generations.txt
-------- Generation: 21 --------
Saving generation 50
Saving in results/trial-30/generations.txt
-------- Generation: 22 --------
Saving generation 50
Saving in results/trial-30/generations.txt
-------- Generation: 23 --------
Saving generation 50
Saving in results/trial-30/generations.txt
-------- Generation: 24 --------
Saving generation 50
Saving in results/trial-30/generations.txt
-------- Generation: 25 --------
Saving generation 50
Saving in results/trial-30/generations.txt
-------- Generation: 26 --------
Saving generation 50
Saving in results/trial-30/generations.txt
-------- Generation: 27 --------
Saving generation 50
Saving in results/trial-30/generations.txt
-------- Generation: 28 --------
Saving generation 50
Saving in results/trial-30/generations.txt
-------- Generation: 29 --------
Saving generation 50
Saving in results/trial-30/generations.txt
-------- Generation: 30 --------
Saving generation 50
Saving in results/trial-30/generations.txt
-------- Generation: 31 --------
Saving generation 50
Saving in results/trial-30/generations.txt
-------- Generation: 32 --------
Saving generation 50
Saving in results/trial-30/generations.txt
-------- Generation: 33 --------
Saving generation 50
Saving in results/trial-30/generations.txt
-------- Generation: 34 --------
Saving generation 50
Saving in results/trial-30/generations.txt
-------- Generation: 35 --------
Saving generation 50
Saving in results/trial-30/generations.txt
-------- Generation: 36 --------
Saving generation 50
Saving in results/trial-30/generations.txt
-------- Generation: 37 --------
Saving generation 50
Saving in results/trial-30/generations.txt
-------- Generation: 38 --------
Saving generation 50
Saving in results/trial-30/generations.txt
-------- Generation: 39 --------
Saving generation 50
Saving in results/trial-30/generations.txt
-------- Generation: 40 --------
Saving generation 50
Saving in results/trial-30/generations.txt
-------- Generation: 41 --------
Saving generation 50
Saving in results/trial-30/generations.txt
-------- Generation: 42 --------
Saving generation 50
Saving in results/trial-30/generations.txt
-------- Generation: 43 --------
Saving generation 50
Saving in results/trial-30/generations.txt
-------- Generation: 44 --------
Saving generation 50
Saving in results/trial-30/generations.txt
-------- Generation: 45 --------
Saving generation 50
Saving in results/trial-30/generations.txt
-------- Generation: 46 --------
Saving generation 50
Saving in results/trial-30/generations.txt
-------- Generation: 47 --------
Saving generation 50
Saving in results/trial-30/generations.txt
-------- Generation: 48 --------
Saving generation 50
Saving in results/trial-30/generations.txt
-------- Generation: 49 --------
Saving generation 50
Saving in results/trial-30/generations.txt
finalized
ANNarchy 4.8 (4.8.1) on linux (posix).
Final fitness: 
0.96
